Build started 15/04/2015 20:11:19.
     1>Project "C:\Users\n3035136\Desktop\3GP_ICA2\TriangulateMyTerrain\TriangulateMyTerrain.vcxproj" on node 2 (Build target(s)).
     1>ClCompile:
         C:\Program Files (x86)\Microsoft Visual Studio 12.0\VC\bin\CL.exe /c /I../external/include /Zi /nologo /W3 /WX- /sdl /O2 /Oi /Oy- /GL /D WIN32 /D NDEBUG /D _CONSOLE /D _LIB /D _UNICODE /D UNICODE /Gm- /EHsc /MT /GS /Gy /fp:precise /Zc:wchar_t /Zc:forScope /Fo"Release\\" /Fd"Release\vc120.pdb" /Gd /TP /analyze- /errorReport:prompt MyController.cpp MyView.cpp
         MyController.cpp
         MyView.cpp
     1>MyView.cpp(158): warning C4244: 'initializing' : conversion from 'unsigned int' to 'const float', possible loss of data
     1>MyView.cpp(159): warning C4244: 'initializing' : conversion from 'unsigned int' to 'const float', possible loss of data
     1>MyView.cpp(161): warning C4244: '=' : conversion from 'const float' to 'int', possible loss of data
     1>MyView.cpp(162): warning C4244: '=' : conversion from 'const float' to 'int', possible loss of data
     1>MyView.cpp(168): warning C4244: 'initializing' : conversion from 'const float' to 'const int', possible loss of data
     1>MyView.cpp(169): warning C4244: 'initializing' : conversion from 'const float' to 'const int', possible loss of data
     1>MyView.cpp(348): warning C4244: 'initializing' : conversion from 'unsigned int' to 'const float', possible loss of data
     1>MyView.cpp(349): warning C4244: 'initializing' : conversion from 'unsigned int' to 'const float', possible loss of data
     1>MyView.cpp(355): warning C4244: 'initializing' : conversion from 'const float' to 'int', possible loss of data
     1>MyView.cpp(356): warning C4244: 'initializing' : conversion from 'const float' to 'int', possible loss of data
     1>MyView.cpp(490): warning C4018: '<' : signed/unsigned mismatch
       Link:
         C:\Program Files (x86)\Microsoft Visual Studio 12.0\VC\bin\link.exe /ERRORREPORT:PROMPT /OUT:"Release\TriangulateMyTerrain.exe" /INCREMENTAL:NO /NOLOGO /LIBPATH:..\external\lib\Win32\v120\Release opengl32.lib glfw.lib libpng.lib zlib.lib kernel32.lib user32.lib gdi32.lib winspool.lib comdlg32.lib advapi32.lib shell32.lib ole32.lib oleaut32.lib uuid.lib odbc32.lib odbccp32.lib /MANIFEST /MANIFESTUAC:"level='asInvoker' uiAccess='false'" /manifest:embed /DEBUG /PDB:"Release\TriangulateMyTerrain.pdb" /SUBSYSTEM:CONSOLE /OPT:REF /OPT:ICF /LTCG /TLBID:1 /DYNAMICBASE /NXCOMPAT /IMPLIB:"Release\TriangulateMyTerrain.lib" /MACHINE:X86 /SAFESEH Release\Camera.obj
         Release\Context.obj
         Release\tgl.obj
         Release\FileHelper.obj
         Release\Window.obj
         Release\main.obj
         Release\MyController.obj
         Release\MyFrustum.obj
         Release\MyView.obj
         Release\PerlinNoise.obj
         Release\MyUtilities.obj
         Generating code
         Finished generating code
         TriangulateMyTerrain.vcxproj -> C:\Users\n3035136\Desktop\3GP_ICA2\TriangulateMyTerrain\Release\TriangulateMyTerrain.exe
       PostBuildEvent:
         copy "C:\Users\n3035136\Desktop\3GP_ICA2\TriangulateMyTerrain\Release\TriangulateMyTerrain.exe" "C:\Users\n3035136\Desktop\3GP_ICA2\demo\TriangulateMyTerrain.exe"
         
         :VCEnd
                 1 file(s) copied.
     1>Done Building Project "C:\Users\n3035136\Desktop\3GP_ICA2\TriangulateMyTerrain\TriangulateMyTerrain.vcxproj" (Build target(s)).

Build succeeded.

Time Elapsed 00:00:05.20
