Build started 31/03/2015 00:27:27.
     1>Project "C:\Users\Chris\Desktop\3GP_ICA2\TriangulateMyTerrain\TriangulateMyTerrain.vcxproj" on node 2 (Build target(s)).
     1>ClCompile:
         C:\Program Files (x86)\Microsoft Visual Studio 12.0\VC\bin\CL.exe /c /I../external/include /ZI /nologo /W3 /WX- /sdl /Od /Oy- /D WIN32 /D _DEBUG /D _CONSOLE /D _LIB /D _UNICODE /D UNICODE /Gm /EHsc /RTC1 /MTd /GS /fp:precise /Zc:wchar_t /Zc:forScope /Fo"Debug\\" /Fd"Debug\vc120.pdb" /Gd /TP /analyze- /errorReport:prompt MyController.cpp MyView.cpp
         MyController.cpp
         Generating Code...
         Compiling...
         MyView.cpp
     1>c:\users\chris\desktop\3gp_ica2\triangulatemyterrain\myview.cpp(155): warning C4244: 'initializing' : conversion from 'const float' to 'const int', possible loss of data
     1>c:\users\chris\desktop\3gp_ica2\triangulatemyterrain\myview.cpp(156): warning C4244: 'initializing' : conversion from 'const float' to 'const int', possible loss of data
     1>c:\users\chris\desktop\3gp_ica2\triangulatemyterrain\myview.cpp(173): warning C4244: 'initializing' : conversion from 'const float' to 'int', possible loss of data
     1>c:\users\chris\desktop\3gp_ica2\triangulatemyterrain\myview.cpp(174): warning C4244: 'initializing' : conversion from 'const float' to 'int', possible loss of data
     1>c:\users\chris\desktop\3gp_ica2\triangulatemyterrain\myview.cpp(329): warning C4018: '<' : signed/unsigned mismatch
     1>c:\users\chris\desktop\3gp_ica2\triangulatemyterrain\myview.cpp(332): warning C4244: '*=' : conversion from 'double' to 'float', possible loss of data
         Generating Code...
       Link:
         C:\Program Files (x86)\Microsoft Visual Studio 12.0\VC\bin\link.exe /ERRORREPORT:PROMPT /OUT:"Debug\TriangulateMyTerrain.exe" /INCREMENTAL /NOLOGO /LIBPATH:..\external\lib\Win32\v120\Debug opengl32.lib glfw.lib libpng.lib zlib.lib kernel32.lib user32.lib gdi32.lib winspool.lib comdlg32.lib advapi32.lib shell32.lib ole32.lib oleaut32.lib uuid.lib odbc32.lib odbccp32.lib /MANIFEST /MANIFESTUAC:"level='asInvoker' uiAccess='false'" /manifest:embed /DEBUG /PDB:"Debug\TriangulateMyTerrain.pdb" /SUBSYSTEM:CONSOLE /TLBID:1 /DYNAMICBASE /NXCOMPAT /IMPLIB:"Debug\TriangulateMyTerrain.lib" /MACHINE:X86 Debug\Camera.obj
         Debug\Context.obj
         Debug\tgl.obj
         Debug\FileHelper.obj
         Debug\Window.obj
         Debug\main.obj
         Debug\MyController.obj
         Debug\MyView.obj
         Debug\PerlinNoise.obj
         TriangulateMyTerrain.vcxproj -> C:\Users\Chris\Desktop\3GP_ICA2\TriangulateMyTerrain\Debug\TriangulateMyTerrain.exe
       PostBuildEvent:
         copy "C:\Users\Chris\Desktop\3GP_ICA2\TriangulateMyTerrain\Debug\TriangulateMyTerrain.exe" "C:\Users\Chris\Desktop\3GP_ICA2\demo\TriangulateMyTerrain.exe"
         
         :VCEnd
                 1 file(s) copied.
     1>Done Building Project "C:\Users\Chris\Desktop\3GP_ICA2\TriangulateMyTerrain\TriangulateMyTerrain.vcxproj" (Build target(s)).

Build succeeded.

Time Elapsed 00:00:02.21
